# JRE version: OpenJDK Runtime Environment (8.0_202-b03) (build 1.8.0_202-release-1483-b03)
# Java VM: OpenJDK 64-Bit Server VM (25.202-b03 mixed mode windows-amd64 compressed oops)
Heap:
 PSYoungGen      total 390144K, used 333296K [0x00000000e0000000, 0x00000000ffc80000, 0x0000000100000000)
  eden space 264704K, 97% used [0x00000000e0000000,0x00000000efc91b48,0x00000000f0280000)
  from space 125440K, 59% used [0x00000000f8200000,0x00000000fcaea878,0x00000000ffc80000)
  to   space 128000K, 0% used [0x00000000f0280000,0x00000000f0280000,0x00000000f7f80000)
 ParOldGen       total 214528K, used 161603K [0x00000000a0000000, 0x00000000ad180000, 0x00000000e0000000)
  object space 214528K, 75% used [0x00000000a0000000,0x00000000a9dd0c68,0x00000000ad180000)
 Metaspace       used 105048K, capacity 110754K, committed 110936K, reserved 1146880K
  class space    used 13053K, capacity 14057K, committed 14208K, reserved 1048576K
GC Heap History (10 events):
Event: 5905.430 GC heap before
{Heap before GC invocations=48 (full 4):
 PSYoungGen      total 397312K, used 355996K [0x00000000e0000000, 0x0000000100000000, 0x0000000100000000)
  eden space 282624K, 100% used [0x00000000e0000000,0x00000000f1400000,0x00000000f1400000)
  from space 114688K, 63% used [0x00000000f1400000,0x00000000f5ba7060,0x00000000f8400000)
  to   space 118272K, 0% used [0x00000000f8c80000,0x00000000f8c80000,0x0000000100000000)
 ParOldGen       total 214528K, used 155958K [0x00000000a0000000, 0x00000000ad180000, 0x00000000e0000000)
  object space 214528K, 72% used [0x00000000a0000000,0x00000000a984dbf0,0x00000000ad180000)
 Metaspace       used 102892K, capacity 107890K, committed 108376K, reserved 1144832K
  class space    used 12808K, capacity 13706K, committed 13952K, reserved 1048576K
Event: 5905.543 GC heap after
Heap after GC invocations=48 (full 4):
 PSYoungGen      total 400896K, used 74136K [0x00000000e0000000, 0x0000000100000000, 0x0000000100000000)
  eden space 282624K, 0% used [0x00000000e0000000,0x00000000e0000000,0x00000000f1400000)
  from space 118272K, 62% used [0x00000000f8c80000,0x00000000fd4e6268,0x0000000100000000)
  to   space 120832K, 0% used [0x00000000f1400000,0x00000000f1400000,0x00000000f8a00000)
 ParOldGen       total 214528K, used 155966K [0x00000000a0000000, 0x00000000ad180000, 0x00000000e0000000)
  object space 214528K, 72% used [0x00000000a0000000,0x00000000a984fbf0,0x00000000ad180000)
 Metaspace       used 102892K, capacity 107890K, committed 108376K, reserved 1144832K
  class space    used 12808K, capacity 13706K, committed 13952K, reserved 1048576K
}
Event: 7803.700 GC heap before
{Heap before GC invocations=49 (full 4):
 PSYoungGen      total 400896K, used 356760K [0x00000000e0000000, 0x0000000100000000, 0x0000000100000000)
  eden space 282624K, 100% used [0x00000000e0000000,0x00000000f1400000,0x00000000f1400000)
  from space 118272K, 62% used [0x00000000f8c80000,0x00000000fd4e6268,0x0000000100000000)
  to   space 120832K, 0% used [0x00000000f1400000,0x00000000f1400000,0x00000000f8a00000)
 ParOldGen       total 214528K, used 155966K [0x00000000a0000000, 0x00000000ad180000, 0x00000000e0000000)
  object space 214528K, 72% used [0x00000000a0000000,0x00000000a984fbf0,0x00000000ad180000)
 Metaspace       used 103208K, capacity 108124K, committed 108376K, reserved 1144832K
  class space    used 12822K, capacity 13723K, committed 13952K, reserved 1048576K
Event: 7803.807 GC heap after
Heap after GC invocations=49 (full 4):
 PSYoungGen      total 359424K, used 76423K [0x00000000e0000000, 0x0000000100000000, 0x0000000100000000)
  eden space 282624K, 0% used [0x00000000e0000000,0x00000000e0000000,0x00000000f1400000)
  from space 76800K, 99% used [0x00000000f1400000,0x00000000f5ea1ea8,0x00000000f5f00000)
  to   space 123392K, 0% used [0x00000000f8780000,0x00000000f8780000,0x0000000100000000)
 ParOldGen       total 214528K, used 159494K [0x00000000a0000000, 0x00000000ad180000, 0x00000000e0000000)
  object space 214528K, 74% used [0x00000000a0000000,0x00000000a9bc1938,0x00000000ad180000)
 Metaspace       used 103208K, capacity 108124K, committed 108376K, reserved 1144832K
  class space    used 12822K, capacity 13723K, committed 13952K, reserved 1048576K
}
Event: 7805.988 GC heap before
{Heap before GC invocations=50 (full 4):
 PSYoungGen      total 359424K, used 359047K [0x00000000e0000000, 0x0000000100000000, 0x0000000100000000)
  eden space 282624K, 100% used [0x00000000e0000000,0x00000000f1400000,0x00000000f1400000)
  from space 76800K, 99% used [0x00000000f1400000,0x00000000f5ea1ea8,0x00000000f5f00000)
  to   space 123392K, 0% used [0x00000000f8780000,0x00000000f8780000,0x0000000100000000)
 ParOldGen       total 214528K, used 159494K [0x00000000a0000000, 0x00000000ad180000, 0x00000000e0000000)
  object space 214528K, 74% used [0x00000000a0000000,0x00000000a9bc1998,0x00000000ad180000)
 Metaspace       used 103446K, capacity 108476K, committed 108888K, reserved 1144832K
  class space    used 12830K, capacity 13737K, committed 13952K, reserved 1048576K
Event: 7806.091 GC heap after
Heap after GC invocations=50 (full 4):
 PSYoungGen      total 386560K, used 91676K [0x00000000e0000000, 0x0000000100000000, 0x0000000100000000)
  eden space 263168K, 0% used [0x00000000e0000000,0x00000000e0000000,0x00000000f0100000)
  from space 123392K, 74% used [0x00000000f8780000,0x00000000fe1073b0,0x0000000100000000)
  to   space 130560K, 0% used [0x00000000f0100000,0x00000000f0100000,0x00000000f8080000)
 ParOldGen       total 214528K, used 159494K [0x00000000a0000000, 0x00000000ad180000, 0x00000000e0000000)
  object space 214528K, 74% used [0x00000000a0000000,0x00000000a9bc1998,0x00000000ad180000)
 Metaspace       used 103446K, capacity 108476K, committed 108888K, reserved 1144832K
  class space    used 12830K, capacity 13737K, committed 13952K, reserved 1048576K
}
Event: 7809.110 GC heap before
{Heap before GC invocations=51 (full 4):
 PSYoungGen      total 386560K, used 354844K [0x00000000e0000000, 0x0000000100000000, 0x0000000100000000)
  eden space 263168K, 100% used [0x00000000e0000000,0x00000000f0100000,0x00000000f0100000)
  from space 123392K, 74% used [0x00000000f8780000,0x00000000fe1073b0,0x0000000100000000)
  to   space 130560K, 0% used [0x00000000f0100000,0x00000000f0100000,0x00000000f8080000)
 ParOldGen       total 214528K, used 159516K [0x00000000a0000000, 0x00000000ad180000, 0x00000000e0000000)
  object space 214528K, 74% used [0x00000000a0000000,0x00000000a9bc71b8,0x00000000ad180000)
 Metaspace       used 104598K, capacity 110138K, committed 110296K, reserved 1144832K
  class space    used 12998K, capacity 13963K, committed 14080K, reserved 1048576K
Event: 7809.224 GC heap after
Heap after GC invocations=51 (full 4):
 PSYoungGen      total 393728K, used 71869K [0x00000000e0000000, 0x0000000100000000, 0x0000000100000000)
  eden space 263168K, 0% used [0x00000000e0000000,0x00000000e0000000,0x00000000f0100000)
  from space 130560K, 55% used [0x00000000f0100000,0x00000000f472f690,0x00000000f8080000)
  to   space 129024K, 0% used [0x00000000f8200000,0x00000000f8200000,0x0000000100000000)
 ParOldGen       total 214528K, used 160272K [0x00000000a0000000, 0x00000000ad180000, 0x00000000e0000000)
  object space 214528K, 74% used [0x00000000a0000000,0x00000000a9c84070,0x00000000ad180000)
 Metaspace       used 104598K, capacity 110138K, committed 110296K, reserved 1144832K
  class space    used 12998K, capacity 13963K, committed 14080K, reserved 1048576K
}
Event: 7829.245 GC heap before
{Heap before GC invocations=52 (full 4):
 PSYoungGen      total 393728K, used 335037K [0x00000000e0000000, 0x0000000100000000, 0x0000000100000000)
  eden space 263168K, 100% used [0x00000000e0000000,0x00000000f0100000,0x00000000f0100000)
  from space 130560K, 55% used [0x00000000f0100000,0x00000000f472f690,0x00000000f8080000)
  to   space 129024K, 0% used [0x00000000f8200000,0x00000000f8200000,0x0000000100000000)
 ParOldGen       total 214528K, used 160272K [0x00000000a0000000, 0x00000000ad180000, 0x00000000e0000000)
  object space 214528K, 74% used [0x00000000a0000000,0x00000000a9c84070,0x00000000ad180000)
 Metaspace       used 105023K, capacity 110754K, committed 110936K, reserved 1146880K
  class space    used 13053K, capacity 14057K, committed 14208K, reserved 1048576K
Event: 7829.376 GC heap after
Heap after GC invocations=52 (full 4):
 PSYoungGen      total 390144K, used 74666K [0x00000000e0000000, 0x00000000ffc80000, 0x0000000100000000)
  eden space 264704K, 0% used [0x00000000e0000000,0x00000000e0000000,0x00000000f0280000)
  from space 125440K, 59% used [0x00000000f8200000,0x00000000fcaea878,0x00000000ffc80000)
  to   space 128000K, 0% used [0x00000000f0280000,0x00000000f0280000,0x00000000f7f80000)
 ParOldGen       total 214528K, used 161603K [0x00000000a0000000, 0x00000000ad180000, 0x00000000e0000000)
  object space 214528K, 75% used [0x00000000a0000000,0x00000000a9dd0c68,0x00000000ad180000)
 Metaspace       used 105023K, capacity 110754K, committed 110936K, reserved 1146880K
  class space    used 13053K, capacity 14057K, committed 14208K, reserved 1048576K
}

